0 info it worked if it ends with ok
1 verbose cli [ 'node',
1 verbose cli   '/usr/local/bin/npm',
1 verbose cli   'install',
1 verbose cli   '-g',
1 verbose cli   'bower-installer' ]
2 info using npm@1.4.28
3 info using node@v0.10.34
4 verbose cache add [ 'bower-installer', null ]
5 verbose cache add name=undefined spec="bower-installer" args=["bower-installer",null]
6 verbose parsed url { protocol: null,
6 verbose parsed url   slashes: null,
6 verbose parsed url   auth: null,
6 verbose parsed url   host: null,
6 verbose parsed url   port: null,
6 verbose parsed url   hostname: null,
6 verbose parsed url   hash: null,
6 verbose parsed url   search: null,
6 verbose parsed url   query: null,
6 verbose parsed url   pathname: 'bower-installer',
6 verbose parsed url   path: 'bower-installer',
6 verbose parsed url   href: 'bower-installer' }
7 silly lockFile e75a97de-bower-installer bower-installer
8 verbose lock bower-installer /Users/apple/.npm/e75a97de-bower-installer.lock
9 silly lockFile e75a97de-bower-installer bower-installer
10 silly lockFile e75a97de-bower-installer bower-installer
11 verbose addNamed [ 'bower-installer', '' ]
12 verbose addNamed [ null, '*' ]
13 silly lockFile 8dda27d5-bower-installer bower-installer@
14 verbose lock bower-installer@ /Users/apple/.npm/8dda27d5-bower-installer.lock
15 silly addNameRange { name: 'bower-installer', range: '*', hasData: false }
16 verbose request where is /bower-installer
17 verbose request registry https://registry.npmjs.org/
18 verbose request id b36ccd0a3346cee2
19 verbose url raw /bower-installer
20 verbose url resolving [ 'https://registry.npmjs.org/', './bower-installer' ]
21 verbose url resolved https://registry.npmjs.org/bower-installer
22 verbose request where is https://registry.npmjs.org/bower-installer
23 info trying registry request attempt 1 at 22:23:27
24 verbose etag "9Z57G46ZTEBYVMKIS80FQWNH"
25 http GET https://registry.npmjs.org/bower-installer
26 http 304 https://registry.npmjs.org/bower-installer
27 silly registry.get cb [ 304,
27 silly registry.get   { date: 'Tue, 17 Feb 2015 16:50:03 GMT',
27 silly registry.get     server: 'Apache',
27 silly registry.get     via: '1.1 varnish',
27 silly registry.get     'last-modified': 'Tue, 17 Feb 2015 16:50:03 GMT',
27 silly registry.get     'cache-control': 'max-age=60',
27 silly registry.get     etag: '"9Z57G46ZTEBYVMKIS80FQWNH"',
27 silly registry.get     age: '0',
27 silly registry.get     'x-served-by': 'cache-lax1434-LAX',
27 silly registry.get     'x-cache': 'MISS',
27 silly registry.get     'x-cache-hits': '0',
27 silly registry.get     'x-timer': 'S1424191803.526573,VS0,VE312',
27 silly registry.get     vary: 'Accept',
27 silly registry.get     'content-length': '0',
27 silly registry.get     'keep-alive': 'timeout=10, max=50',
27 silly registry.get     connection: 'Keep-Alive' } ]
28 verbose etag https://registry.npmjs.org/bower-installer from cache
29 silly addNameRange number 2 { name: 'bower-installer', range: '*', hasData: true }
30 silly addNameRange versions [ 'bower-installer',
30 silly addNameRange   [ '0.0.3',
30 silly addNameRange     '0.0.4',
30 silly addNameRange     '0.0.5',
30 silly addNameRange     '0.0.6',
30 silly addNameRange     '0.0.7',
30 silly addNameRange     '0.0.8',
30 silly addNameRange     '0.0.9',
30 silly addNameRange     '0.0.10',
30 silly addNameRange     '0.0.11',
30 silly addNameRange     '0.1.0',
30 silly addNameRange     '0.1.2',
30 silly addNameRange     '0.2.0',
30 silly addNameRange     '0.2.1',
30 silly addNameRange     '0.2.2',
30 silly addNameRange     '0.3.0',
30 silly addNameRange     '0.4.0',
30 silly addNameRange     '0.4.1',
30 silly addNameRange     '0.4.2',
30 silly addNameRange     '0.4.3',
30 silly addNameRange     '0.4.4',
30 silly addNameRange     '0.4.5',
30 silly addNameRange     '0.5.0',
30 silly addNameRange     '0.6.0',
30 silly addNameRange     '0.6.1',
30 silly addNameRange     '0.6.2',
30 silly addNameRange     '0.7.0',
30 silly addNameRange     '0.7.1',
30 silly addNameRange     '0.8.0',
30 silly addNameRange     '0.8.1',
30 silly addNameRange     '0.8.2',
30 silly addNameRange     '0.8.3',
30 silly addNameRange     '0.8.4',
30 silly addNameRange     '1.0.0',
30 silly addNameRange     '1.1.0',
30 silly addNameRange     '1.2.0' ] ]
31 verbose addNamed [ 'bower-installer', '1.2.0' ]
32 verbose addNamed [ '1.2.0', '1.2.0' ]
33 silly lockFile 1db859bc-bower-installer-1-2-0 bower-installer@1.2.0
34 verbose lock bower-installer@1.2.0 /Users/apple/.npm/1db859bc-bower-installer-1-2-0.lock
35 silly lockFile 1db859bc-bower-installer-1-2-0 bower-installer@1.2.0
36 silly lockFile 1db859bc-bower-installer-1-2-0 bower-installer@1.2.0
37 silly lockFile 8dda27d5-bower-installer bower-installer@
38 silly lockFile 8dda27d5-bower-installer bower-installer@
39 silly resolved [ { name: 'bower-installer',
39 silly resolved     version: '1.2.0',
39 silly resolved     preferGlobal: 'true',
39 silly resolved     description: 'Tool for installing bower dependencies that won\'t include entire repos',
39 silly resolved     main: 'bower-installer.js',
39 silly resolved     dependencies:
39 silly resolved      { 'node-fs': '~0.1.7',
39 silly resolved        bower: '~1.3.8',
39 silly resolved        colors: '~0.6.0-1',
39 silly resolved        lodash: '~0.9.1',
39 silly resolved        glob: '~3.2.7',
39 silly resolved        nopt: '~2.1.2',
39 silly resolved        async: '~0.2.9',
39 silly resolved        mkdirp: '~0.3.5' },
39 silly resolved     engines: { node: '>=0.10.0' },
39 silly resolved     devDependencies:
39 silly resolved      { grunt: '~0.4.2',
39 silly resolved        'grunt-jasmine-node': '0.2.1',
39 silly resolved        async: '~0.2.9',
39 silly resolved        rimraf: '~2.2.2' },
39 silly resolved     scripts: { test: 'grunt' },
39 silly resolved     repository:
39 silly resolved      { type: 'git',
39 silly resolved        url: 'https://github.com/blittle/bower-installer' },
39 silly resolved     keywords: [ 'bower', 'install', 'dependencies' ],
39 silly resolved     author: { name: 'Bret Little' },
39 silly resolved     license: 'BSD',
39 silly resolved     bin: { 'bower-installer': './bower-installer.js' },
39 silly resolved     bugs: { url: 'https://github.com/blittle/bower-installer/issues' },
39 silly resolved     _id: 'bower-installer@1.2.0',
39 silly resolved     dist:
39 silly resolved      { shasum: 'f479327b6910e22746db4fa86f61332beca72c0e',
39 silly resolved        tarball: 'http://registry.npmjs.org/bower-installer/-/bower-installer-1.2.0.tgz' },
39 silly resolved     _from: 'bower-installer@',
39 silly resolved     _resolved: 'https://registry.npmjs.org/bower-installer/-/bower-installer-1.2.0.tgz',
39 silly resolved     gitHead: 'b94cb69d5f5666f1da188fadf9226974baf89afa',
39 silly resolved     homepage: 'https://github.com/blittle/bower-installer',
39 silly resolved     _shasum: 'f479327b6910e22746db4fa86f61332beca72c0e',
39 silly resolved     _npmVersion: '1.4.28',
39 silly resolved     _npmUser: { name: 'blittle', email: 'bret.little@gmail.com' },
39 silly resolved     maintainers: [ [Object] ],
39 silly resolved     directories: {},
39 silly resolved     readme: 'ERROR: No README data found!' } ]
40 info install bower-installer@1.2.0 into /usr/local/lib
41 info installOne bower-installer@1.2.0
42 verbose lib/node_modules/bower-installer unbuild
43 verbose tar unpack /Users/apple/.npm/bower-installer/1.2.0/package.tgz
44 silly lockFile 8cdb7d17-lib-node-modules-bower-installer tar:///usr/local/lib/node_modules/bower-installer
45 verbose lock tar:///usr/local/lib/node_modules/bower-installer /Users/apple/.npm/8cdb7d17-lib-node-modules-bower-installer.lock
46 silly lockFile 1e67e0be-ower-installer-1-2-0-package-tgz tar:///Users/apple/.npm/bower-installer/1.2.0/package.tgz
47 verbose lock tar:///Users/apple/.npm/bower-installer/1.2.0/package.tgz /Users/apple/.npm/1e67e0be-ower-installer-1-2-0-package-tgz.lock
48 silly gunzTarPerm modes [ '755', '644' ]
49 error Error: EACCES, mkdir '/usr/local/lib/node_modules/bower-installer'
49 error  { [Error: EACCES, mkdir '/usr/local/lib/node_modules/bower-installer']
49 error   errno: 3,
49 error   code: 'EACCES',
49 error   path: '/usr/local/lib/node_modules/bower-installer',
49 error   fstream_type: 'Directory',
49 error   fstream_path: '/usr/local/lib/node_modules/bower-installer',
49 error   fstream_class: 'DirWriter',
49 error   fstream_stack:
49 error    [ '/usr/local/lib/node_modules/npm/node_modules/fstream/lib/dir-writer.js:36:23',
49 error      '/usr/local/lib/node_modules/npm/node_modules/mkdirp/index.js:46:53',
49 error      'Object.oncomplete (fs.js:108:15)' ] }
50 error Please try running this command again as root/Administrator.
51 error System Darwin 14.0.0
52 error command "node" "/usr/local/bin/npm" "install" "-g" "bower-installer"
53 error cwd /Users/apple/Documents/Work Area/GitHub_WorkSpace/EazeWork-Hybrid-Menu
54 error node -v v0.10.34
55 error npm -v 1.4.28
56 error path /usr/local/lib/node_modules/bower-installer
57 error fstream_path /usr/local/lib/node_modules/bower-installer
58 error fstream_type Directory
59 error fstream_class DirWriter
60 error code EACCES
61 error errno 3
62 error stack Error: EACCES, mkdir '/usr/local/lib/node_modules/bower-installer'
63 error fstream_stack /usr/local/lib/node_modules/npm/node_modules/fstream/lib/dir-writer.js:36:23
63 error fstream_stack /usr/local/lib/node_modules/npm/node_modules/mkdirp/index.js:46:53
63 error fstream_stack Object.oncomplete (fs.js:108:15)
64 verbose exit [ 3, true ]
